26-05-11.09:34:41.324 [main            ] INFO  ITradeReverseStockServiceTest - Starting ITradeReverseStockServiceTest using Java 17 on jjnice with PID 30300 (started by 24209 in D:\自学\java学习\拼团交易平台\group-buy-me\group-buy-me-app)
26-05-11.09:34:41.327 [main            ] INFO  ITradeReverseStockServiceTest - The following 1 profile is active: "dev"
26-05-11.09:34:42.989 [main            ] INFO  RepositoryConfigurationDelegate - Multiple Spring Data modules found, entering strict repository configuration mode
26-05-11.09:34:42.994 [main            ] INFO  RepositoryConfigurationDelegate - Bootstrapping Spring Data Redis repositories in DEFAULT mode.
26-05-11.09:34:43.069 [main            ] INFO  RepositoryConfigurationDelegate - Finished Spring Data repository scanning in 49 ms. Found 0 Redis repository interfaces.
26-05-11.09:34:44.371 [main            ] INFO  PostProcessorRegistrationDelegate$BeanPostProcessorChecker - Bean 'cn.bugstack.wrench.dynamic.config.center.config.DynamicConfigCenterRegisterAutoConfig' of type [cn.bugstack.wrench.dynamic.config.center.config.DynamicConfigCenterRegisterAutoConfig$$EnhancerBySpringCGLIB$$7c89fdbe] is not eligible for getting processed by all BeanPostProcessors (for example: not eligible for auto-proxying)
26-05-11.09:34:44.420 [main            ] INFO  PostProcessorRegistrationDelegate$BeanPostProcessorChecker - Bean 'xfg.wrench.config-cn.bugstack.wrench.dynamic.config.center.config.DynamicConfigCenterAutoProperties' of type [cn.bugstack.wrench.dynamic.config.center.config.DynamicConfigCenterAutoProperties] is not eligible for getting processed by all BeanPostProcessors (for example: not eligible for auto-proxying)
26-05-11.09:34:44.427 [main            ] INFO  PostProcessorRegistrationDelegate$BeanPostProcessorChecker - Bean 'redisClientConfig' of type [top.daoha.config.RedisClientConfig$$EnhancerBySpringCGLIB$$1b0a8dae] is not eligible for getting processed by all BeanPostProcessors (for example: not eligible for auto-proxying)
26-05-11.09:34:44.435 [main            ] INFO  PostProcessorRegistrationDelegate$BeanPostProcessorChecker - Bean 'redis.sdk.config-top.daoha.config.RedisClientConfigProperties' of type [top.daoha.config.RedisClientConfigProperties] is not eligible for getting processed by all BeanPostProcessors (for example: not eligible for auto-proxying)
26-05-11.09:34:44.831 [main            ] INFO  Version                - Redisson 3.26.0
26-05-11.09:34:45.249 [redisson-netty-1-4] INFO  ConnectionsHolder      - 1 connections initialized for 127.0.0.1/127.0.0.1:6379
26-05-11.09:34:45.275 [redisson-netty-1-13] INFO  ConnectionsHolder      - 5 connections initialized for 127.0.0.1/127.0.0.1:6379
26-05-11.09:34:45.332 [main            ] INFO  PostProcessorRegistrationDelegate$BeanPostProcessorChecker - Bean 'redissonClient' of type [org.redisson.Redisson] is not eligible for getting processed by all BeanPostProcessors (for example: not eligible for auto-proxying)
26-05-11.09:34:45.365 [main            ] INFO  PostProcessorRegistrationDelegate$BeanPostProcessorChecker - Bean 'dynamicConfigCenterService' of type [cn.bugstack.wrench.dynamic.config.center.domain.service.DynamicConfigCenterService] is not eligible for getting processed by all BeanPostProcessors (for example: not eligible for auto-proxying)
26-05-11.09:34:48.355 [main            ] INFO  Version                - Redisson 3.26.0
26-05-11.09:34:48.416 [redisson-netty-5-5] INFO  ConnectionsHolder      - 1 connections initialized for 127.0.0.1/127.0.0.1:6379
26-05-11.09:34:48.443 [redisson-netty-5-23] INFO  ConnectionsHolder      - 10 connections initialized for 127.0.0.1/127.0.0.1:6379
26-05-11.09:34:48.443 [main            ] INFO  DynamicConfigCenterRegisterAutoConfig - xfg-wrench，注册器（redis）链接初始化完成。127.0.0.1 64 true
26-05-11.09:34:49.552 [main            ] INFO  EndpointLinksResolver  - Exposing 14 endpoint(s) beneath base path '/actuator'
26-05-11.09:34:49.654 [main            ] INFO  CachingConnectionFactory - Attempting to connect to: [localhost:5672]
26-05-11.09:34:49.720 [main            ] INFO  CachingConnectionFactory - Created new connection: rabbitConnectionFactory#2696b687:0/SimpleConnection@35c83c56 [delegate=amqp://admin@127.0.0.1:5672/, localPort= 29946]
26-05-11.09:34:49.827 [main            ] INFO  ITradeReverseStockServiceTest - Started ITradeReverseStockServiceTest in 9.224 seconds (JVM running for 10.163)
26-05-11.09:34:50.472 [main            ] INFO  MarketTradeController  - 营销交易锁单:xfg101 LockMarketPayOrderRequestDTO:{"activityId":100123,"channel":"c01","goodsId":"9890001","notifyConfigVO":{"notifyType":"MQ"},"outTradeNo":"166285706615","source":"s01","userId":"xfg101"}
26-05-11.09:34:50.496 [main            ] INFO  HikariDataSource       - HikariPool-1 - Starting...
26-05-11.09:34:50.632 [main            ] INFO  HikariDataSource       - HikariPool-1 - Start completed.
26-05-11.09:34:50.662 [main            ] INFO  RootNode               - 拼团商品查询试算服务-RootNode userId:xfg101 requestParameter:{"activityId":100123,"channel":"c01","goodsId":"9890001","source":"s01","userId":"xfg101"}
26-05-11.09:34:50.719 [main            ] INFO  MarketTradeController  - 优惠试算结束
26-05-11.09:34:50.722 [main            ] INFO  ActivityUsabilityRuleFilter - 交易规则过滤-活动的可用性校验:xfg101 activityId: 100123
26-05-11.09:34:50.730 [main            ] INFO  UserTakeLimitRuleFilter - 交易规则过滤-用户参与次数过滤:xfg101 activityId: 100123
26-05-11.09:34:50.734 [main            ] INFO  TeamStockOccupyRuleFilter - 交易规则过滤-redis锁单处理:xfg101 activityId: 100123 teamId: null
26-05-11.09:34:50.734 [main            ] INFO  TradeLockOrderService  - 锁单规则链结束
26-05-11.09:34:50.827 [main            ] INFO  MarketTradeController  - 交易锁单记录(新):xfg101 marketPayOrderEntity:{"deductionPrice":20.00,"orderId":"923689438085","originalPrice":100.00,"payPrice":80.00,"status":"CREATE","teamId":"35911045"}
26-05-11.09:34:50.833 [main            ] INFO  ITradeReverseStockServiceTest - 第1笔，测试结果 req:{"activityId":100123,"channel":"c01","goodsId":"9890001","notifyConfigVO":{"notifyType":"MQ"},"outTradeNo":"166285706615","source":"s01","userId":"xfg101"} res:{"code":"0000","data":{"deductionPrice":20.00,"orderId":"923689438085","originalPrice":100.00,"payPrice":80.00,"status":0,"teamId":"35911045"},"info":"成功"}
26-05-11.09:34:50.833 [main            ] INFO  MarketTradeController  - 营销交易锁单:xfg102 LockMarketPayOrderRequestDTO:{"activityId":100123,"channel":"c01","goodsId":"9890001","notifyConfigVO":{"notifyType":"MQ"},"outTradeNo":"408600979068","source":"s01","teamId":"35911045","userId":"xfg102"}
26-05-11.09:34:50.835 [main            ] INFO  RootNode               - 拼团商品查询试算服务-RootNode userId:xfg102 requestParameter:{"activityId":100123,"channel":"c01","goodsId":"9890001","source":"s01","userId":"xfg102"}
26-05-11.09:34:50.844 [main            ] INFO  MarketTradeController  - 优惠试算结束
26-05-11.09:34:50.844 [main            ] INFO  ActivityUsabilityRuleFilter - 交易规则过滤-活动的可用性校验:xfg102 activityId: 100123
26-05-11.09:34:50.845 [main            ] INFO  UserTakeLimitRuleFilter - 交易规则过滤-用户参与次数过滤:xfg102 activityId: 100123
26-05-11.09:34:50.847 [main            ] INFO  TeamStockOccupyRuleFilter - 交易规则过滤-redis锁单处理:xfg102 activityId: 100123 teamId: 35911045
26-05-11.09:34:50.855 [main            ] INFO  TradeLockOrderService  - 锁单规则链结束
26-05-11.09:34:50.868 [main            ] INFO  MarketTradeController  - 交易锁单记录(新):xfg102 marketPayOrderEntity:{"deductionPrice":20.00,"orderId":"450255344184","originalPrice":100.00,"payPrice":80.00,"status":"CREATE","teamId":"35911045"}
26-05-11.09:34:50.868 [main            ] INFO  ITradeReverseStockServiceTest - 第2笔，测试结果 req:{"activityId":100123,"channel":"c01","goodsId":"9890001","notifyConfigVO":{"notifyType":"MQ"},"outTradeNo":"408600979068","source":"s01","teamId":"35911045","userId":"xfg102"} res:{"code":"0000","data":{"deductionPrice":20.00,"orderId":"450255344184","originalPrice":100.00,"payPrice":80.00,"status":0,"teamId":"35911045"},"info":"成功"}
26-05-11.09:34:50.869 [main            ] INFO  MarketTradeController  - 营销交易锁单:xfg103 LockMarketPayOrderRequestDTO:{"activityId":100123,"channel":"c01","goodsId":"9890001","notifyConfigVO":{"notifyType":"MQ"},"outTradeNo":"617858631109","source":"s01","teamId":"35911045","userId":"xfg103"}
26-05-11.09:34:50.870 [main            ] INFO  RootNode               - 拼团商品查询试算服务-RootNode userId:xfg103 requestParameter:{"activityId":100123,"channel":"c01","goodsId":"9890001","source":"s01","userId":"xfg103"}
26-05-11.09:34:50.876 [main            ] INFO  MarketTradeController  - 优惠试算结束
26-05-11.09:34:50.876 [main            ] INFO  ActivityUsabilityRuleFilter - 交易规则过滤-活动的可用性校验:xfg103 activityId: 100123
26-05-11.09:34:50.879 [main            ] INFO  UserTakeLimitRuleFilter - 交易规则过滤-用户参与次数过滤:xfg103 activityId: 100123
26-05-11.09:34:50.879 [main            ] INFO  TeamStockOccupyRuleFilter - 交易规则过滤-redis锁单处理:xfg103 activityId: 100123 teamId: 35911045
26-05-11.09:34:50.883 [main            ] INFO  TradeLockOrderService  - 锁单规则链结束
26-05-11.09:34:50.898 [main            ] INFO  MarketTradeController  - 交易锁单记录(新):xfg103 marketPayOrderEntity:{"deductionPrice":20.00,"orderId":"389602463151","originalPrice":100.00,"payPrice":80.00,"status":"CREATE","teamId":"35911045"}
26-05-11.09:34:50.899 [main            ] INFO  ITradeReverseStockServiceTest - 第3笔，测试结果 req:{"activityId":100123,"channel":"c01","goodsId":"9890001","notifyConfigVO":{"notifyType":"MQ"},"outTradeNo":"617858631109","source":"s01","teamId":"35911045","userId":"xfg103"} res:{"code":"0000","data":{"deductionPrice":20.00,"orderId":"389602463151","originalPrice":100.00,"payPrice":80.00,"status":0,"teamId":"35911045"},"info":"成功"}
26-05-11.09:34:50.911 [org.springframework.amqp.rabbit.RabbitListenerEndpointContainer#0-2] INFO  SimpleMessageListenerContainer - Waiting for workers to finish.
26-05-11.09:34:50.913 [org.springframework.amqp.rabbit.RabbitListenerEndpointContainer#1-2] INFO  SimpleMessageListenerContainer - Waiting for workers to finish.
26-05-11.09:34:51.823 [org.springframework.amqp.rabbit.RabbitListenerEndpointContainer#1-2] INFO  SimpleMessageListenerContainer - Successfully waited for workers to finish.
26-05-11.09:34:51.823 [org.springframework.amqp.rabbit.RabbitListenerEndpointContainer#0-2] INFO  SimpleMessageListenerContainer - Successfully waited for workers to finish.
26-05-11.09:34:51.825 [SpringApplicationShutdownHook] INFO  SimpleMessageListenerContainer - Shutdown ignored - container is already stopped
26-05-11.09:34:51.826 [SpringApplicationShutdownHook] INFO  SimpleMessageListenerContainer - Shutdown ignored - container is already stopped
26-05-11.09:34:51.862 [SpringApplicationShutdownHook] INFO  HikariDataSource       - HikariPool-1 - Shutdown initiated...
26-05-11.09:34:51.868 [SpringApplicationShutdownHook] INFO  HikariDataSource       - HikariPool-1 - Shutdown completed.
26-05-11.09:41:15.061 [main            ] INFO  ITradeReverseStockServiceTest - Starting ITradeReverseStockServiceTest using Java 17 on jjnice with PID 2832 (started by 24209 in D:\自学\java学习\拼团交易平台\group-buy-me\group-buy-me-app)
26-05-11.09:41:15.063 [main            ] INFO  ITradeReverseStockServiceTest - The following 1 profile is active: "dev"
26-05-11.09:41:16.238 [main            ] INFO  RepositoryConfigurationDelegate - Multiple Spring Data modules found, entering strict repository configuration mode
26-05-11.09:41:16.242 [main            ] INFO  RepositoryConfigurationDelegate - Bootstrapping Spring Data Redis repositories in DEFAULT mode.
26-05-11.09:41:16.293 [main            ] INFO  RepositoryConfigurationDelegate - Finished Spring Data repository scanning in 35 ms. Found 0 Redis repository interfaces.
26-05-11.09:41:17.150 [main            ] INFO  PostProcessorRegistrationDelegate$BeanPostProcessorChecker - Bean 'cn.bugstack.wrench.dynamic.config.center.config.DynamicConfigCenterRegisterAutoConfig' of type [cn.bugstack.wrench.dynamic.config.center.config.DynamicConfigCenterRegisterAutoConfig$$EnhancerBySpringCGLIB$$fb314659] is not eligible for getting processed by all BeanPostProcessors (for example: not eligible for auto-proxying)
26-05-11.09:41:17.180 [main            ] INFO  PostProcessorRegistrationDelegate$BeanPostProcessorChecker - Bean 'xfg.wrench.config-cn.bugstack.wrench.dynamic.config.center.config.DynamicConfigCenterAutoProperties' of type [cn.bugstack.wrench.dynamic.config.center.config.DynamicConfigCenterAutoProperties] is not eligible for getting processed by all BeanPostProcessors (for example: not eligible for auto-proxying)
26-05-11.09:41:17.186 [main            ] INFO  PostProcessorRegistrationDelegate$BeanPostProcessorChecker - Bean 'redisClientConfig' of type [top.daoha.config.RedisClientConfig$$EnhancerBySpringCGLIB$$99b1d649] is not eligible for getting processed by all BeanPostProcessors (for example: not eligible for auto-proxying)
26-05-11.09:41:17.192 [main            ] INFO  PostProcessorRegistrationDelegate$BeanPostProcessorChecker - Bean 'redis.sdk.config-top.daoha.config.RedisClientConfigProperties' of type [top.daoha.config.RedisClientConfigProperties] is not eligible for getting processed by all BeanPostProcessors (for example: not eligible for auto-proxying)
26-05-11.09:41:17.519 [main            ] INFO  Version                - Redisson 3.26.0
26-05-11.09:41:17.823 [redisson-netty-1-4] INFO  ConnectionsHolder      - 1 connections initialized for 127.0.0.1/127.0.0.1:6379
26-05-11.09:41:17.842 [redisson-netty-1-13] INFO  ConnectionsHolder      - 5 connections initialized for 127.0.0.1/127.0.0.1:6379
26-05-11.09:41:17.883 [main            ] INFO  PostProcessorRegistrationDelegate$BeanPostProcessorChecker - Bean 'redissonClient' of type [org.redisson.Redisson] is not eligible for getting processed by all BeanPostProcessors (for example: not eligible for auto-proxying)
26-05-11.09:41:17.905 [main            ] INFO  PostProcessorRegistrationDelegate$BeanPostProcessorChecker - Bean 'dynamicConfigCenterService' of type [cn.bugstack.wrench.dynamic.config.center.domain.service.DynamicConfigCenterService] is not eligible for getting processed by all BeanPostProcessors (for example: not eligible for auto-proxying)
26-05-11.09:41:20.346 [main            ] INFO  Version                - Redisson 3.26.0
26-05-11.09:41:20.549 [redisson-netty-5-5] INFO  ConnectionsHolder      - 1 connections initialized for 127.0.0.1/127.0.0.1:6379
26-05-11.09:41:20.592 [redisson-netty-5-23] INFO  ConnectionsHolder      - 10 connections initialized for 127.0.0.1/127.0.0.1:6379
26-05-11.09:41:20.592 [main            ] INFO  DynamicConfigCenterRegisterAutoConfig - xfg-wrench，注册器（redis）链接初始化完成。127.0.0.1 64 true
26-05-11.09:41:21.582 [main            ] INFO  EndpointLinksResolver  - Exposing 14 endpoint(s) beneath base path '/actuator'
26-05-11.09:41:21.694 [main            ] INFO  CachingConnectionFactory - Attempting to connect to: [localhost:5672]
26-05-11.09:41:21.748 [main            ] INFO  CachingConnectionFactory - Created new connection: rabbitConnectionFactory#630febd7:0/SimpleConnection@1df60140 [delegate=amqp://admin@127.0.0.1:5672/, localPort= 17892]
26-05-11.09:41:21.839 [main            ] INFO  ITradeReverseStockServiceTest - Started ITradeReverseStockServiceTest in 7.557 seconds (JVM running for 8.621)
26-05-11.09:41:22.419 [main            ] INFO  MarketTradeController  - 营销交易锁单:xfg101 LockMarketPayOrderRequestDTO:{"activityId":100123,"channel":"c01","goodsId":"9890001","notifyConfigVO":{"notifyType":"MQ"},"outTradeNo":"725975726209","source":"s01","userId":"xfg101"}
26-05-11.09:41:22.442 [main            ] INFO  HikariDataSource       - HikariPool-1 - Starting...
26-05-11.09:41:22.603 [main            ] INFO  HikariDataSource       - HikariPool-1 - Start completed.
26-05-11.09:41:22.634 [main            ] INFO  RootNode               - 拼团商品查询试算服务-RootNode userId:xfg101 requestParameter:{"activityId":100123,"channel":"c01","goodsId":"9890001","source":"s01","userId":"xfg101"}
26-05-11.09:41:22.686 [main            ] INFO  MarketTradeController  - 优惠试算结束
26-05-11.09:41:22.690 [main            ] INFO  ActivityUsabilityRuleFilter - 交易规则过滤-活动的可用性校验:xfg101 activityId: 100123
26-05-11.09:41:22.693 [main            ] INFO  UserTakeLimitRuleFilter - 交易规则过滤-用户参与次数过滤:xfg101 activityId: 100123
26-05-11.09:41:22.696 [main            ] INFO  TeamStockOccupyRuleFilter - 交易规则过滤-redis锁单处理:xfg101 activityId: 100123 teamId: null
26-05-11.09:41:22.696 [main            ] INFO  TradeLockOrderService  - 锁单规则链结束
26-05-11.09:41:22.769 [main            ] INFO  MarketTradeController  - 交易锁单记录(新):xfg101 marketPayOrderEntity:{"deductionPrice":20.00,"orderId":"738688840815","originalPrice":100.00,"payPrice":80.00,"status":"CREATE","teamId":"49500602"}
26-05-11.09:41:22.774 [main            ] INFO  ITradeReverseStockServiceTest - 第1笔，测试结果 req:{"activityId":100123,"channel":"c01","goodsId":"9890001","notifyConfigVO":{"notifyType":"MQ"},"outTradeNo":"725975726209","source":"s01","userId":"xfg101"} res:{"code":"0000","data":{"deductionPrice":20.00,"orderId":"738688840815","originalPrice":100.00,"payPrice":80.00,"status":0,"teamId":"49500602"},"info":"成功"}
26-05-11.09:41:22.774 [main            ] INFO  MarketTradeController  - 营销交易锁单:xfg102 LockMarketPayOrderRequestDTO:{"activityId":100123,"channel":"c01","goodsId":"9890001","notifyConfigVO":{"notifyType":"MQ"},"outTradeNo":"404253149603","source":"s01","teamId":"49500602","userId":"xfg102"}
26-05-11.09:41:22.778 [main            ] INFO  RootNode               - 拼团商品查询试算服务-RootNode userId:xfg102 requestParameter:{"activityId":100123,"channel":"c01","goodsId":"9890001","source":"s01","userId":"xfg102"}
26-05-11.09:41:22.789 [main            ] INFO  MarketTradeController  - 优惠试算结束
26-05-11.09:41:22.789 [main            ] INFO  ActivityUsabilityRuleFilter - 交易规则过滤-活动的可用性校验:xfg102 activityId: 100123
26-05-11.09:41:22.791 [main            ] INFO  UserTakeLimitRuleFilter - 交易规则过滤-用户参与次数过滤:xfg102 activityId: 100123
26-05-11.09:41:22.792 [main            ] INFO  TeamStockOccupyRuleFilter - 交易规则过滤-redis锁单处理:xfg102 activityId: 100123 teamId: 49500602
26-05-11.09:41:22.803 [main            ] INFO  TradeLockOrderService  - 锁单规则链结束
26-05-11.09:41:22.812 [main            ] INFO  MarketTradeController  - 交易锁单记录(新):xfg102 marketPayOrderEntity:{"deductionPrice":20.00,"orderId":"776380873031","originalPrice":100.00,"payPrice":80.00,"status":"CREATE","teamId":"49500602"}
26-05-11.09:41:22.812 [main            ] INFO  ITradeReverseStockServiceTest - 第2笔，测试结果 req:{"activityId":100123,"channel":"c01","goodsId":"9890001","notifyConfigVO":{"notifyType":"MQ"},"outTradeNo":"404253149603","source":"s01","teamId":"49500602","userId":"xfg102"} res:{"code":"0000","data":{"deductionPrice":20.00,"orderId":"776380873031","originalPrice":100.00,"payPrice":80.00,"status":0,"teamId":"49500602"},"info":"成功"}
26-05-11.09:41:22.812 [main            ] INFO  MarketTradeController  - 营销交易锁单:xfg103 LockMarketPayOrderRequestDTO:{"activityId":100123,"channel":"c01","goodsId":"9890001","notifyConfigVO":{"notifyType":"MQ"},"outTradeNo":"269543913553","source":"s01","teamId":"49500602","userId":"xfg103"}
26-05-11.09:41:22.814 [main            ] INFO  RootNode               - 拼团商品查询试算服务-RootNode userId:xfg103 requestParameter:{"activityId":100123,"channel":"c01","goodsId":"9890001","source":"s01","userId":"xfg103"}
26-05-11.09:41:22.822 [main            ] INFO  MarketTradeController  - 优惠试算结束
26-05-11.09:41:22.823 [main            ] INFO  ActivityUsabilityRuleFilter - 交易规则过滤-活动的可用性校验:xfg103 activityId: 100123
26-05-11.09:41:22.825 [main            ] INFO  UserTakeLimitRuleFilter - 交易规则过滤-用户参与次数过滤:xfg103 activityId: 100123
26-05-11.09:41:22.826 [main            ] INFO  TeamStockOccupyRuleFilter - 交易规则过滤-redis锁单处理:xfg103 activityId: 100123 teamId: 49500602
26-05-11.09:41:22.831 [main            ] INFO  TradeLockOrderService  - 锁单规则链结束
26-05-11.09:41:22.841 [main            ] INFO  MarketTradeController  - 交易锁单记录(新):xfg103 marketPayOrderEntity:{"deductionPrice":20.00,"orderId":"534368672384","originalPrice":100.00,"payPrice":80.00,"status":"CREATE","teamId":"49500602"}
26-05-11.09:41:22.842 [main            ] INFO  ITradeReverseStockServiceTest - 第3笔，测试结果 req:{"activityId":100123,"channel":"c01","goodsId":"9890001","notifyConfigVO":{"notifyType":"MQ"},"outTradeNo":"269543913553","source":"s01","teamId":"49500602","userId":"xfg103"} res:{"code":"0000","data":{"deductionPrice":20.00,"orderId":"534368672384","originalPrice":100.00,"payPrice":80.00,"status":0,"teamId":"49500602"},"info":"成功"}
26-05-11.09:41:22.861 [org.springframework.amqp.rabbit.RabbitListenerEndpointContainer#0-2] INFO  SimpleMessageListenerContainer - Waiting for workers to finish.
26-05-11.09:41:22.862 [org.springframework.amqp.rabbit.RabbitListenerEndpointContainer#1-2] INFO  SimpleMessageListenerContainer - Waiting for workers to finish.
26-05-11.09:41:23.816 [org.springframework.amqp.rabbit.RabbitListenerEndpointContainer#0-2] INFO  SimpleMessageListenerContainer - Successfully waited for workers to finish.
26-05-11.09:41:23.830 [org.springframework.amqp.rabbit.RabbitListenerEndpointContainer#1-2] INFO  SimpleMessageListenerContainer - Successfully waited for workers to finish.
26-05-11.09:41:23.832 [SpringApplicationShutdownHook] INFO  SimpleMessageListenerContainer - Shutdown ignored - container is already stopped
26-05-11.09:41:23.832 [SpringApplicationShutdownHook] INFO  SimpleMessageListenerContainer - Shutdown ignored - container is already stopped
26-05-11.09:41:23.856 [SpringApplicationShutdownHook] INFO  HikariDataSource       - HikariPool-1 - Shutdown initiated...
26-05-11.09:41:23.862 [SpringApplicationShutdownHook] INFO  HikariDataSource       - HikariPool-1 - Shutdown completed.
26-05-11.10:12:44.093 [main            ] INFO  ITradeReverseStockServiceTest - Starting ITradeReverseStockServiceTest using Java 17 on jjnice with PID 17120 (started by 24209 in D:\自学\java学习\拼团交易平台\group-buy-me\group-buy-me-app)
26-05-11.10:12:44.098 [main            ] INFO  ITradeReverseStockServiceTest - The following 1 profile is active: "dev"
26-05-11.10:12:45.324 [main            ] INFO  RepositoryConfigurationDelegate - Multiple Spring Data modules found, entering strict repository configuration mode
26-05-11.10:12:45.328 [main            ] INFO  RepositoryConfigurationDelegate - Bootstrapping Spring Data Redis repositories in DEFAULT mode.
26-05-11.10:12:45.385 [main            ] INFO  RepositoryConfigurationDelegate - Finished Spring Data repository scanning in 35 ms. Found 0 Redis repository interfaces.
26-05-11.10:12:46.313 [main            ] INFO  PostProcessorRegistrationDelegate$BeanPostProcessorChecker - Bean 'cn.bugstack.wrench.dynamic.config.center.config.DynamicConfigCenterRegisterAutoConfig' of type [cn.bugstack.wrench.dynamic.config.center.config.DynamicConfigCenterRegisterAutoConfig$$EnhancerBySpringCGLIB$$fb314659] is not eligible for getting processed by all BeanPostProcessors (for example: not eligible for auto-proxying)
26-05-11.10:12:46.352 [main            ] INFO  PostProcessorRegistrationDelegate$BeanPostProcessorChecker - Bean 'xfg.wrench.config-cn.bugstack.wrench.dynamic.config.center.config.DynamicConfigCenterAutoProperties' of type [cn.bugstack.wrench.dynamic.config.center.config.DynamicConfigCenterAutoProperties] is not eligible for getting processed by all BeanPostProcessors (for example: not eligible for auto-proxying)
26-05-11.10:12:46.354 [main            ] INFO  PostProcessorRegistrationDelegate$BeanPostProcessorChecker - Bean 'redisClientConfig' of type [top.daoha.config.RedisClientConfig$$EnhancerBySpringCGLIB$$99b1d649] is not eligible for getting processed by all BeanPostProcessors (for example: not eligible for auto-proxying)
26-05-11.10:12:46.364 [main            ] INFO  PostProcessorRegistrationDelegate$BeanPostProcessorChecker - Bean 'redis.sdk.config-top.daoha.config.RedisClientConfigProperties' of type [top.daoha.config.RedisClientConfigProperties] is not eligible for getting processed by all BeanPostProcessors (for example: not eligible for auto-proxying)
26-05-11.10:12:46.679 [main            ] INFO  Version                - Redisson 3.26.0
26-05-11.10:12:47.030 [redisson-netty-1-4] INFO  ConnectionsHolder      - 1 connections initialized for 127.0.0.1/127.0.0.1:6379
26-05-11.10:12:47.053 [redisson-netty-1-13] INFO  ConnectionsHolder      - 5 connections initialized for 127.0.0.1/127.0.0.1:6379
26-05-11.10:12:47.106 [main            ] INFO  PostProcessorRegistrationDelegate$BeanPostProcessorChecker - Bean 'redissonClient' of type [org.redisson.Redisson] is not eligible for getting processed by all BeanPostProcessors (for example: not eligible for auto-proxying)
26-05-11.10:12:47.130 [main            ] INFO  PostProcessorRegistrationDelegate$BeanPostProcessorChecker - Bean 'dynamicConfigCenterService' of type [cn.bugstack.wrench.dynamic.config.center.domain.service.DynamicConfigCenterService] is not eligible for getting processed by all BeanPostProcessors (for example: not eligible for auto-proxying)
26-05-11.10:12:49.832 [main            ] INFO  Version                - Redisson 3.26.0
26-05-11.10:12:49.952 [redisson-netty-5-4] INFO  ConnectionsHolder      - 1 connections initialized for 127.0.0.1/127.0.0.1:6379
26-05-11.10:12:49.984 [redisson-netty-5-23] INFO  ConnectionsHolder      - 10 connections initialized for 127.0.0.1/127.0.0.1:6379
26-05-11.10:12:49.984 [main            ] INFO  DynamicConfigCenterRegisterAutoConfig - xfg-wrench，注册器（redis）链接初始化完成。127.0.0.1 64 true
26-05-11.10:12:51.143 [main            ] INFO  EndpointLinksResolver  - Exposing 14 endpoint(s) beneath base path '/actuator'
26-05-11.10:12:51.263 [main            ] INFO  CachingConnectionFactory - Attempting to connect to: [localhost:5672]
26-05-11.10:12:51.330 [main            ] INFO  CachingConnectionFactory - Created new connection: rabbitConnectionFactory#21948bd1:0/SimpleConnection@58df431e [delegate=amqp://admin@127.0.0.1:5672/, localPort= 57991]
26-05-11.10:12:51.436 [main            ] INFO  ITradeReverseStockServiceTest - Started ITradeReverseStockServiceTest in 8.074 seconds (JVM running for 9.037)
26-05-11.10:12:52.046 [main            ] INFO  MarketTradeController  - 营销交易锁单:xfg101 LockMarketPayOrderRequestDTO:{"activityId":100123,"channel":"c01","goodsId":"9890001","notifyConfigVO":{"notifyType":"MQ"},"outTradeNo":"304439464761","source":"s01","userId":"xfg101"}
26-05-11.10:12:52.072 [main            ] INFO  HikariDataSource       - HikariPool-1 - Starting...
26-05-11.10:12:52.198 [main            ] INFO  HikariDataSource       - HikariPool-1 - Start completed.
26-05-11.10:12:52.229 [main            ] INFO  RootNode               - 拼团商品查询试算服务-RootNode userId:xfg101 requestParameter:{"activityId":100123,"channel":"c01","goodsId":"9890001","source":"s01","userId":"xfg101"}
26-05-11.10:12:52.285 [main            ] INFO  MarketTradeController  - 优惠试算结束
26-05-11.10:12:52.289 [main            ] INFO  ActivityUsabilityRuleFilter - 交易规则过滤-活动的可用性校验:xfg101 activityId: 100123
26-05-11.10:12:52.293 [main            ] INFO  UserTakeLimitRuleFilter - 交易规则过滤-用户参与次数过滤:xfg101 activityId: 100123
26-05-11.10:12:52.296 [main            ] INFO  TeamStockOccupyRuleFilter - 交易规则过滤-redis锁单处理:xfg101 activityId: 100123 teamId: null
26-05-11.10:12:52.297 [main            ] INFO  TradeLockOrderService  - 锁单规则链结束
26-05-11.10:12:52.336 [main            ] INFO  MarketTradeController  - 交易锁单记录(新):xfg101 marketPayOrderEntity:{"deductionPrice":20.00,"orderId":"010004868280","originalPrice":100.00,"payPrice":80.00,"status":"CREATE","teamId":"57479114"}
26-05-11.10:12:52.341 [main            ] INFO  ITradeReverseStockServiceTest - 第1笔，测试结果 req:{"activityId":100123,"channel":"c01","goodsId":"9890001","notifyConfigVO":{"notifyType":"MQ"},"outTradeNo":"304439464761","source":"s01","userId":"xfg101"} res:{"code":"0000","data":{"deductionPrice":20.00,"orderId":"010004868280","originalPrice":100.00,"payPrice":80.00,"status":0,"teamId":"57479114"},"info":"成功"}
26-05-11.10:12:52.341 [main            ] INFO  MarketTradeController  - 营销交易锁单:xfg102 LockMarketPayOrderRequestDTO:{"activityId":100123,"channel":"c01","goodsId":"9890001","notifyConfigVO":{"notifyType":"MQ"},"outTradeNo":"349859640384","source":"s01","teamId":"57479114","userId":"xfg102"}
26-05-11.10:12:52.344 [main            ] INFO  RootNode               - 拼团商品查询试算服务-RootNode userId:xfg102 requestParameter:{"activityId":100123,"channel":"c01","goodsId":"9890001","source":"s01","userId":"xfg102"}
26-05-11.10:12:52.352 [main            ] INFO  MarketTradeController  - 优惠试算结束
26-05-11.10:12:52.352 [main            ] INFO  ActivityUsabilityRuleFilter - 交易规则过滤-活动的可用性校验:xfg102 activityId: 100123
26-05-11.10:12:52.354 [main            ] INFO  UserTakeLimitRuleFilter - 交易规则过滤-用户参与次数过滤:xfg102 activityId: 100123
26-05-11.10:12:52.355 [main            ] INFO  TeamStockOccupyRuleFilter - 交易规则过滤-redis锁单处理:xfg102 activityId: 100123 teamId: 57479114
26-05-11.10:12:52.365 [main            ] INFO  TradeLockOrderService  - 锁单规则链结束
26-05-11.10:12:52.378 [main            ] INFO  MarketTradeController  - 交易锁单记录(新):xfg102 marketPayOrderEntity:{"deductionPrice":20.00,"orderId":"051219474426","originalPrice":100.00,"payPrice":80.00,"status":"CREATE","teamId":"57479114"}
26-05-11.10:12:52.378 [main            ] INFO  ITradeReverseStockServiceTest - 第2笔，测试结果 req:{"activityId":100123,"channel":"c01","goodsId":"9890001","notifyConfigVO":{"notifyType":"MQ"},"outTradeNo":"349859640384","source":"s01","teamId":"57479114","userId":"xfg102"} res:{"code":"0000","data":{"deductionPrice":20.00,"orderId":"051219474426","originalPrice":100.00,"payPrice":80.00,"status":0,"teamId":"57479114"},"info":"成功"}
26-05-11.10:12:52.378 [main            ] INFO  MarketTradeController  - 营销交易锁单:xfg103 LockMarketPayOrderRequestDTO:{"activityId":100123,"channel":"c01","goodsId":"9890001","notifyConfigVO":{"notifyType":"MQ"},"outTradeNo":"282517893872","source":"s01","teamId":"57479114","userId":"xfg103"}
26-05-11.10:12:52.379 [main            ] INFO  RootNode               - 拼团商品查询试算服务-RootNode userId:xfg103 requestParameter:{"activityId":100123,"channel":"c01","goodsId":"9890001","source":"s01","userId":"xfg103"}
26-05-11.10:12:52.387 [main            ] INFO  MarketTradeController  - 优惠试算结束
26-05-11.10:12:52.387 [main            ] INFO  ActivityUsabilityRuleFilter - 交易规则过滤-活动的可用性校验:xfg103 activityId: 100123
26-05-11.10:12:52.389 [main            ] INFO  UserTakeLimitRuleFilter - 交易规则过滤-用户参与次数过滤:xfg103 activityId: 100123
26-05-11.10:12:52.391 [main            ] INFO  TeamStockOccupyRuleFilter - 交易规则过滤-redis锁单处理:xfg103 activityId: 100123 teamId: 57479114
26-05-11.10:12:52.396 [main            ] INFO  TradeLockOrderService  - 锁单规则链结束
26-05-11.10:12:52.407 [main            ] INFO  MarketTradeController  - 交易锁单记录(新):xfg103 marketPayOrderEntity:{"deductionPrice":20.00,"orderId":"815445529089","originalPrice":100.00,"payPrice":80.00,"status":"CREATE","teamId":"57479114"}
26-05-11.10:12:52.408 [main            ] INFO  ITradeReverseStockServiceTest - 第3笔，测试结果 req:{"activityId":100123,"channel":"c01","goodsId":"9890001","notifyConfigVO":{"notifyType":"MQ"},"outTradeNo":"282517893872","source":"s01","teamId":"57479114","userId":"xfg103"} res:{"code":"0000","data":{"deductionPrice":20.00,"orderId":"815445529089","originalPrice":100.00,"payPrice":80.00,"status":0,"teamId":"57479114"},"info":"成功"}
26-05-11.10:12:52.422 [org.springframework.amqp.rabbit.RabbitListenerEndpointContainer#0-2] INFO  SimpleMessageListenerContainer - Waiting for workers to finish.
26-05-11.10:12:52.425 [org.springframework.amqp.rabbit.RabbitListenerEndpointContainer#1-2] INFO  SimpleMessageListenerContainer - Waiting for workers to finish.
26-05-11.10:12:52.427 [org.springframework.amqp.rabbit.RabbitListenerEndpointContainer#0-2] INFO  SimpleMessageListenerContainer - Successfully waited for workers to finish.
26-05-11.10:12:52.437 [org.springframework.amqp.rabbit.RabbitListenerEndpointContainer#1-2] INFO  SimpleMessageListenerContainer - Successfully waited for workers to finish.
26-05-11.10:12:52.440 [SpringApplicationShutdownHook] INFO  SimpleMessageListenerContainer - Shutdown ignored - container is already stopped
26-05-11.10:12:52.441 [SpringApplicationShutdownHook] INFO  SimpleMessageListenerContainer - Shutdown ignored - container is already stopped
26-05-11.10:12:52.479 [SpringApplicationShutdownHook] INFO  HikariDataSource       - HikariPool-1 - Shutdown initiated...
26-05-11.10:12:52.487 [SpringApplicationShutdownHook] INFO  HikariDataSource       - HikariPool-1 - Shutdown completed.
26-05-11.14:06:25.240 [main            ] INFO  MarketTradeControllerTest - Starting MarketTradeControllerTest using Java 17 on jjnice with PID 19224 (started by 24209 in D:\自学\java学习\拼团交易平台\group-buy-me\group-buy-me-app)
26-05-11.14:06:25.242 [main            ] INFO  MarketTradeControllerTest - The following 1 profile is active: "dev"
26-05-11.14:06:26.319 [main            ] INFO  RepositoryConfigurationDelegate - Multiple Spring Data modules found, entering strict repository configuration mode
26-05-11.14:06:26.323 [main            ] INFO  RepositoryConfigurationDelegate - Bootstrapping Spring Data Redis repositories in DEFAULT mode.
26-05-11.14:06:26.380 [main            ] INFO  RepositoryConfigurationDelegate - Finished Spring Data repository scanning in 38 ms. Found 0 Redis repository interfaces.
26-05-11.14:06:27.332 [main            ] INFO  PostProcessorRegistrationDelegate$BeanPostProcessorChecker - Bean 'cn.bugstack.wrench.dynamic.config.center.config.DynamicConfigCenterRegisterAutoConfig' of type [cn.bugstack.wrench.dynamic.config.center.config.DynamicConfigCenterRegisterAutoConfig$$EnhancerBySpringCGLIB$$7c89fdbe] is not eligible for getting processed by all BeanPostProcessors (for example: not eligible for auto-proxying)
26-05-11.14:06:27.369 [main            ] INFO  PostProcessorRegistrationDelegate$BeanPostProcessorChecker - Bean 'xfg.wrench.config-cn.bugstack.wrench.dynamic.config.center.config.DynamicConfigCenterAutoProperties' of type [cn.bugstack.wrench.dynamic.config.center.config.DynamicConfigCenterAutoProperties] is not eligible for getting processed by all BeanPostProcessors (for example: not eligible for auto-proxying)
26-05-11.14:06:27.375 [main            ] INFO  PostProcessorRegistrationDelegate$BeanPostProcessorChecker - Bean 'redisClientConfig' of type [top.daoha.config.RedisClientConfig$$EnhancerBySpringCGLIB$$1b0a8dae] is not eligible for getting processed by all BeanPostProcessors (for example: not eligible for auto-proxying)
26-05-11.14:06:27.381 [main            ] INFO  PostProcessorRegistrationDelegate$BeanPostProcessorChecker - Bean 'redis.sdk.config-top.daoha.config.RedisClientConfigProperties' of type [top.daoha.config.RedisClientConfigProperties] is not eligible for getting processed by all BeanPostProcessors (for example: not eligible for auto-proxying)
26-05-11.14:06:27.708 [main            ] INFO  Version                - Redisson 3.26.0
26-05-11.14:06:28.085 [redisson-netty-1-4] INFO  ConnectionsHolder      - 1 connections initialized for 127.0.0.1/127.0.0.1:6379
26-05-11.14:06:28.103 [redisson-netty-1-13] INFO  ConnectionsHolder      - 5 connections initialized for 127.0.0.1/127.0.0.1:6379
26-05-11.14:06:28.150 [main            ] INFO  PostProcessorRegistrationDelegate$BeanPostProcessorChecker - Bean 'redissonClient' of type [org.redisson.Redisson] is not eligible for getting processed by all BeanPostProcessors (for example: not eligible for auto-proxying)
26-05-11.14:06:28.176 [main            ] INFO  PostProcessorRegistrationDelegate$BeanPostProcessorChecker - Bean 'dynamicConfigCenterService' of type [cn.bugstack.wrench.dynamic.config.center.domain.service.DynamicConfigCenterService] is not eligible for getting processed by all BeanPostProcessors (for example: not eligible for auto-proxying)
26-05-11.14:06:30.556 [main            ] INFO  Version                - Redisson 3.26.0
26-05-11.14:06:30.618 [redisson-netty-5-5] INFO  ConnectionsHolder      - 1 connections initialized for 127.0.0.1/127.0.0.1:6379
26-05-11.14:06:30.644 [main            ] INFO  DynamicConfigCenterRegisterAutoConfig - xfg-wrench，注册器（redis）链接初始化完成。127.0.0.1 64 true
26-05-11.14:06:30.644 [redisson-netty-5-23] INFO  ConnectionsHolder      - 10 connections initialized for 127.0.0.1/127.0.0.1:6379
26-05-11.14:06:31.585 [main            ] INFO  EndpointLinksResolver  - Exposing 14 endpoint(s) beneath base path '/actuator'
26-05-11.14:06:31.678 [main            ] INFO  CachingConnectionFactory - Attempting to connect to: [localhost:5672]
26-05-11.14:06:31.740 [main            ] INFO  CachingConnectionFactory - Created new connection: rabbitConnectionFactory#27d0376f:0/SimpleConnection@5834fd3f [delegate=amqp://admin@127.0.0.1:5672/, localPort= 2086]
26-05-11.14:06:31.848 [main            ] INFO  MarketTradeControllerTest - Started MarketTradeControllerTest in 7.323 seconds (JVM running for 8.312)
26-05-11.14:06:32.459 [main            ] INFO  MarketTradeController  - 营销交易锁单:gdk01 LockMarketPayOrderRequestDTO:{"activityId":100123,"channel":"c01","goodsId":"9890001","notifyConfigVO":{"notifyType":"MQ"},"outTradeNo":"063777522756","source":"s01","userId":"gdk01"}
26-05-11.14:06:32.484 [main            ] INFO  HikariDataSource       - HikariPool-1 - Starting...
26-05-11.14:06:32.612 [main            ] INFO  HikariDataSource       - HikariPool-1 - Start completed.
26-05-11.14:06:32.643 [main            ] INFO  RootNode               - 拼团商品查询试算服务-RootNode userId:gdk01 requestParameter:{"activityId":100123,"channel":"c01","goodsId":"9890001","source":"s01","userId":"gdk01"}
26-05-11.14:06:32.697 [main            ] INFO  MarketTradeController  - 优惠试算结束
26-05-11.14:06:32.700 [main            ] INFO  ActivityUsabilityRuleFilter - 交易规则过滤-活动的可用性校验:gdk01 activityId: 100123
26-05-11.14:06:32.706 [main            ] INFO  UserTakeLimitRuleFilter - 交易规则过滤-用户参与次数过滤:gdk01 activityId: 100123
26-05-11.14:06:32.708 [main            ] INFO  TeamStockOccupyRuleFilter - 交易规则过滤-redis锁单处理:gdk01 activityId: 100123 teamId: null
26-05-11.14:06:32.709 [main            ] INFO  TradeLockOrderService  - 锁单规则链结束
26-05-11.14:06:32.817 [main            ] INFO  MarketTradeController  - 交易锁单记录(新):gdk01 marketPayOrderEntity:{"deductionPrice":20.00,"orderId":"684671565161","originalPrice":100.00,"payPrice":80.00,"status":"CREATE","teamId":"14202170"}
26-05-11.14:06:32.820 [main            ] INFO  MarketTradeControllerTest - 测试结果 response:Response(code=0000, info=成功, data=LockMarketPayOrderResponseDTO(orderId=684671565161, originalPrice=100.00, deductionPrice=20.00, payPrice=80.00, status=0, teamId=14202170))
26-05-11.14:06:32.835 [org.springframework.amqp.rabbit.RabbitListenerEndpointContainer#0-2] INFO  SimpleMessageListenerContainer - Waiting for workers to finish.
26-05-11.14:06:32.837 [org.springframework.amqp.rabbit.RabbitListenerEndpointContainer#1-2] INFO  SimpleMessageListenerContainer - Waiting for workers to finish.
26-05-11.14:06:32.842 [org.springframework.amqp.rabbit.RabbitListenerEndpointContainer#1-2] INFO  SimpleMessageListenerContainer - Successfully waited for workers to finish.
26-05-11.14:06:33.826 [org.springframework.amqp.rabbit.RabbitListenerEndpointContainer#0-2] INFO  SimpleMessageListenerContainer - Successfully waited for workers to finish.
26-05-11.14:06:33.828 [SpringApplicationShutdownHook] INFO  SimpleMessageListenerContainer - Shutdown ignored - container is already stopped
26-05-11.14:06:33.829 [SpringApplicationShutdownHook] INFO  SimpleMessageListenerContainer - Shutdown ignored - container is already stopped
26-05-11.14:06:33.854 [SpringApplicationShutdownHook] INFO  HikariDataSource       - HikariPool-1 - Shutdown initiated...
26-05-11.14:06:33.862 [SpringApplicationShutdownHook] INFO  HikariDataSource       - HikariPool-1 - Shutdown completed.
